<?xml version="1.0" encoding="UTF-8" ?>
<testsuite tests="8" failures="0" name="client.controller.Controller3Test" time="0.632" errors="0" skipped="0">
  <properties>
[...]
</properties>
  <testcase classname="client.controller.Controller3Test" name="testCheckDettagliImmobile_CE1_CE10_CE14" time="0.171"/>
  <testcase classname="client.controller.Controller3Test" name="testCheckDettagliImmobile_CE2_CE9_CE15" time="0.061"/>
  <testcase classname="client.controller.Controller3Test" name="testCheckDettagliImmobile_CE3_CE11_CE13" time="0.069"/>
  <testcase classname="client.controller.Controller3Test" name="testCheckDettagliImmobile_CE4_CE12_CE13" time="0.063"/>
  <testcase classname="client.controller.Controller3Test" name="testCheckDettagliImmobile_CE5_CE11_CE14" time="0.074"/>
  <testcase classname="client.controller.Controller3Test" name="testCheckDettagliImmobile_CE6_CE10_CE15" time="0.059"/>
  <testcase classname="client.controller.Controller3Test" name="testCheckDettagliImmobile_CE7_CE9_CE13" time="0.068"/>
  <testcase classname="client.controller.Controller3Test" name="testCheckDettagliImmobile_CE8_CE11_CE14" time="0.067"/>
</testsuite>